::1 - - [30/Jun/2017:08:24:45 +0000] "GET /login HTTP/1.1" 304 - "http://localhost:3000/" "Mozilla/5.0 (Macintosh; Intel Mac OS X 10_12_5) AppleWebKit/537.36 (KHTML, like Gecko) Chrome/59.0.3071.104 Safari/537.36"
::1 - - [30/Jun/2017:08:24:45 +0000] "GET /stylesheets/bootstrap-3.3.7-dist/css/bootstrap.min.css HTTP/1.1" 304 - "http://localhost:3000/login" "Mozilla/5.0 (Macintosh; Intel Mac OS X 10_12_5) AppleWebKit/537.36 (KHTML, like Gecko) Chrome/59.0.3071.104 Safari/537.36"
::1 - - [30/Jun/2017:08:24:45 +0000] "GET /stylesheets/bootstrap-3.3.7-dist/js/bootstrap.min.js HTTP/1.1" 304 - "http://localhost:3000/login" "Mozilla/5.0 (Macintosh; Intel Mac OS X 10_12_5) AppleWebKit/537.36 (KHTML, like Gecko) Chrome/59.0.3071.104 Safari/537.36"
::1 - - [30/Jun/2017:08:24:49 +0000] "GET /stylesheets/bootstrap-3.3.7-dist/css/bootstrap.min.css HTTP/1.1" 304 - "http://localhost:3000/login" "Mozilla/5.0 (Macintosh; Intel Mac OS X 10_12_5) AppleWebKit/537.36 (KHTML, like Gecko) Chrome/59.0.3071.104 Safari/537.36"
::1 - - [30/Jun/2017:08:24:49 +0000] "GET /stylesheets/bootstrap-3.3.7-dist/js/bootstrap.min.js HTTP/1.1" 304 - "http://localhost:3000/login" "Mozilla/5.0 (Macintosh; Intel Mac OS X 10_12_5) AppleWebKit/537.36 (KHTML, like Gecko) Chrome/59.0.3071.104 Safari/537.36"
::1 - - [30/Jun/2017:08:24:49 +0000] "POST /login HTTP/1.1" 200 1492 "http://localhost:3000/login" "Mozilla/5.0 (Macintosh; Intel Mac OS X 10_12_5) AppleWebKit/537.36 (KHTML, like Gecko) Chrome/59.0.3071.104 Safari/537.36"
::1 - - [30/Jun/2017:08:30:52 +0000] "GET /stylesheets/bootstrap-3.3.7-dist/css/bootstrap.min.css HTTP/1.1" 304 - "http://localhost:3000/login" "Mozilla/5.0 (Macintosh; Intel Mac OS X 10_12_5) AppleWebKit/537.36 (KHTML, like Gecko) Chrome/59.0.3071.104 Safari/537.36"
::1 - - [30/Jun/2017:08:30:52 +0000] "GET /stylesheets/bootstrap-3.3.7-dist/js/bootstrap.min.js HTTP/1.1" 304 - "http://localhost:3000/login" "Mozilla/5.0 (Macintosh; Intel Mac OS X 10_12_5) AppleWebKit/537.36 (KHTML, like Gecko) Chrome/59.0.3071.104 Safari/537.36"
::1 - - [30/Jun/2017:08:30:52 +0000] "GET /login HTTP/1.1" 200 1448 "-" "Mozilla/5.0 (Macintosh; Intel Mac OS X 10_12_5) AppleWebKit/537.36 (KHTML, like Gecko) Chrome/59.0.3071.104 Safari/537.36"
::1 - - [30/Jun/2017:08:31:02 +0000] "GET /stylesheets/bootstrap-3.3.7-dist/css/bootstrap.min.css HTTP/1.1" 304 - "http://localhost:3000/register" "Mozilla/5.0 (Macintosh; Intel Mac OS X 10_12_5) AppleWebKit/537.36 (KHTML, like Gecko) Chrome/59.0.3071.104 Safari/537.36"
::1 - - [30/Jun/2017:08:31:02 +0000] "GET /stylesheets/bootstrap-3.3.7-dist/js/bootstrap.min.js HTTP/1.1" 304 - "http://localhost:3000/register" "Mozilla/5.0 (Macintosh; Intel Mac OS X 10_12_5) AppleWebKit/537.36 (KHTML, like Gecko) Chrome/59.0.3071.104 Safari/537.36"
::1 - - [30/Jun/2017:08:31:02 +0000] "GET /register HTTP/1.1" 200 1800 "http://localhost:3000/login" "Mozilla/5.0 (Macintosh; Intel Mac OS X 10_12_5) AppleWebKit/537.36 (KHTML, like Gecko) Chrome/59.0.3071.104 Safari/537.36"
::1 - - [30/Jun/2017:08:31:04 +0000] "GET /stylesheets/bootstrap-3.3.7-dist/css/bootstrap.min.css HTTP/1.1" 304 - "http://localhost:3000/register" "Mozilla/5.0 (Macintosh; Intel Mac OS X 10_12_5) AppleWebKit/537.36 (KHTML, like Gecko) Chrome/59.0.3071.104 Safari/537.36"
::1 - - [30/Jun/2017:08:31:04 +0000] "GET /stylesheets/bootstrap-3.3.7-dist/js/bootstrap.min.js HTTP/1.1" 304 - "http://localhost:3000/register" "Mozilla/5.0 (Macintosh; Intel Mac OS X 10_12_5) AppleWebKit/537.36 (KHTML, like Gecko) Chrome/59.0.3071.104 Safari/537.36"
::1 - - [30/Jun/2017:08:31:04 +0000] "POST /register HTTP/1.1" 200 1948 "http://localhost:3000/register" "Mozilla/5.0 (Macintosh; Intel Mac OS X 10_12_5) AppleWebKit/537.36 (KHTML, like Gecko) Chrome/59.0.3071.104 Safari/537.36"
::1 - - [30/Jun/2017:08:31:26 +0000] "GET /register HTTP/1.1" 200 1800 "http://localhost:3000/login" "Mozilla/5.0 (Macintosh; Intel Mac OS X 10_12_5) AppleWebKit/537.36 (KHTML, like Gecko) Chrome/59.0.3071.104 Safari/537.36"
::1 - - [30/Jun/2017:08:31:28 +0000] "GET / HTTP/1.1" 304 - "-" "Mozilla/5.0 (Macintosh; Intel Mac OS X 10_12_5) AppleWebKit/537.36 (KHTML, like Gecko) Chrome/59.0.3071.104 Safari/537.36"
::1 - - [30/Jun/2017:08:31:28 +0000] "GET /stylesheets/bootstrap-3.3.7-dist/css/bootstrap.min.css HTTP/1.1" 304 - "http://localhost:3000/" "Mozilla/5.0 (Macintosh; Intel Mac OS X 10_12_5) AppleWebKit/537.36 (KHTML, like Gecko) Chrome/59.0.3071.104 Safari/537.36"
::1 - - [30/Jun/2017:08:31:28 +0000] "GET /stylesheets/bootstrap-3.3.7-dist/js/bootstrap.min.js HTTP/1.1" 304 - "http://localhost:3000/" "Mozilla/5.0 (Macintosh; Intel Mac OS X 10_12_5) AppleWebKit/537.36 (KHTML, like Gecko) Chrome/59.0.3071.104 Safari/537.36"
::1 - - [30/Jun/2017:08:31:30 +0000] "GET /stylesheets/bootstrap-3.3.7-dist/css/bootstrap.min.css HTTP/1.1" 304 - "http://localhost:3000/login" "Mozilla/5.0 (Macintosh; Intel Mac OS X 10_12_5) AppleWebKit/537.36 (KHTML, like Gecko) Chrome/59.0.3071.104 Safari/537.36"
::1 - - [30/Jun/2017:08:31:30 +0000] "GET /stylesheets/bootstrap-3.3.7-dist/js/bootstrap.min.js HTTP/1.1" 304 - "http://localhost:3000/login" "Mozilla/5.0 (Macintosh; Intel Mac OS X 10_12_5) AppleWebKit/537.36 (KHTML, like Gecko) Chrome/59.0.3071.104 Safari/537.36"
::1 - - [30/Jun/2017:08:31:30 +0000] "GET /login HTTP/1.1" 200 1448 "http://localhost:3000/" "Mozilla/5.0 (Macintosh; Intel Mac OS X 10_12_5) AppleWebKit/537.36 (KHTML, like Gecko) Chrome/59.0.3071.104 Safari/537.36"
::1 - - [30/Jun/2017:10:04:17 +0000] "GET / HTTP/1.1" 304 - "-" "Mozilla/5.0 (Macintosh; Intel Mac OS X 10_12_5) AppleWebKit/537.36 (KHTML, like Gecko) Chrome/59.0.3071.104 Safari/537.36"
::1 - - [30/Jun/2017:10:04:17 +0000] "GET /stylesheets/bootstrap-3.3.7-dist/css/bootstrap.min.css HTTP/1.1" 304 - "http://localhost:3000/" "Mozilla/5.0 (Macintosh; Intel Mac OS X 10_12_5) AppleWebKit/537.36 (KHTML, like Gecko) Chrome/59.0.3071.104 Safari/537.36"
::1 - - [30/Jun/2017:10:04:17 +0000] "GET /stylesheets/bootstrap-3.3.7-dist/js/bootstrap.min.js HTTP/1.1" 304 - "http://localhost:3000/" "Mozilla/5.0 (Macintosh; Intel Mac OS X 10_12_5) AppleWebKit/537.36 (KHTML, like Gecko) Chrome/59.0.3071.104 Safari/537.36"
::1 - - [30/Jun/2017:10:04:19 +0000] "GET /login HTTP/1.1" 304 - "http://localhost:3000/" "Mozilla/5.0 (Macintosh; Intel Mac OS X 10_12_5) AppleWebKit/537.36 (KHTML, like Gecko) Chrome/59.0.3071.104 Safari/537.36"
::1 - - [30/Jun/2017:10:04:19 +0000] "GET /stylesheets/bootstrap-3.3.7-dist/css/bootstrap.min.css HTTP/1.1" 304 - "http://localhost:3000/login" "Mozilla/5.0 (Macintosh; Intel Mac OS X 10_12_5) AppleWebKit/537.36 (KHTML, like Gecko) Chrome/59.0.3071.104 Safari/537.36"
::1 - - [30/Jun/2017:10:04:19 +0000] "GET /stylesheets/bootstrap-3.3.7-dist/js/bootstrap.min.js HTTP/1.1" 304 - "http://localhost:3000/login" "Mozilla/5.0 (Macintosh; Intel Mac OS X 10_12_5) AppleWebKit/537.36 (KHTML, like Gecko) Chrome/59.0.3071.104 Safari/537.36"
::1 - - [30/Jun/2017:10:04:21 +0000] "GET /stylesheets/bootstrap-3.3.7-dist/css/bootstrap.min.css HTTP/1.1" 304 - "http://localhost:3000/register" "Mozilla/5.0 (Macintosh; Intel Mac OS X 10_12_5) AppleWebKit/537.36 (KHTML, like Gecko) Chrome/59.0.3071.104 Safari/537.36"
::1 - - [30/Jun/2017:10:04:21 +0000] "GET /stylesheets/bootstrap-3.3.7-dist/js/bootstrap.min.js HTTP/1.1" 304 - "http://localhost:3000/register" "Mozilla/5.0 (Macintosh; Intel Mac OS X 10_12_5) AppleWebKit/537.36 (KHTML, like Gecko) Chrome/59.0.3071.104 Safari/537.36"
::1 - - [30/Jun/2017:10:04:22 +0000] "GET /register HTTP/1.1" 200 1800 "http://localhost:3000/" "Mozilla/5.0 (Macintosh; Intel Mac OS X 10_12_5) AppleWebKit/537.36 (KHTML, like Gecko) Chrome/59.0.3071.104 Safari/537.36"
